<?xml version="1.0" encoding="UTF-8"?>
<testsuites>
  <testsuite name="/Applications/XAMPP/xamppfiles/htdocs/lspPerpustakaan/phpunit.xml" tests="16" assertions="38" errors="0" failures="0" skipped="0" time="0.468377">
    <testsuite name="Unit" tests="15" assertions="37" errors="0" failures="0" skipped="0" time="0.460548">
      <testsuite name="Tests\Feature\AnggotaControllerTest" file="/Applications/XAMPP/xamppfiles/htdocs/lspPerpustakaan/tests/Unit/AnggotaControllerTest.php" tests="5" assertions="13" errors="0" failures="0" skipped="0" time="0.376323">
        <testcase name="test_index_returns_view_with_anggotas" file="/Applications/XAMPP/xamppfiles/htdocs/lspPerpustakaan/tests/Unit/AnggotaControllerTest.php" line="13" class="Tests\Feature\AnggotaControllerTest" classname="Tests.Feature.AnggotaControllerTest" assertions="3" time="0.332827"/>
        <testcase name="test_create_shows_create_form" file="/Applications/XAMPP/xamppfiles/htdocs/lspPerpustakaan/tests/Unit/AnggotaControllerTest.php" line="36" class="Tests\Feature\AnggotaControllerTest" classname="Tests.Feature.AnggotaControllerTest" assertions="1" time="0.009295"/>
        <testcase name="test_store_creates_anggota" file="/Applications/XAMPP/xamppfiles/htdocs/lspPerpustakaan/tests/Unit/AnggotaControllerTest.php" line="45" class="Tests\Feature\AnggotaControllerTest" classname="Tests.Feature.AnggotaControllerTest" assertions="3" time="0.016853"/>
        <testcase name="test_update_anggota" file="/Applications/XAMPP/xamppfiles/htdocs/lspPerpustakaan/tests/Unit/AnggotaControllerTest.php" line="62" class="Tests\Feature\AnggotaControllerTest" classname="Tests.Feature.AnggotaControllerTest" assertions="3" time="0.009271"/>
        <testcase name="test_destroy_anggota" file="/Applications/XAMPP/xamppfiles/htdocs/lspPerpustakaan/tests/Unit/AnggotaControllerTest.php" line="86" class="Tests\Feature\AnggotaControllerTest" classname="Tests.Feature.AnggotaControllerTest" assertions="3" time="0.008076"/>
      </testsuite>
      <testsuite name="Tests\Feature\BukuControllerTest" file="/Applications/XAMPP/xamppfiles/htdocs/lspPerpustakaan/tests/Unit/BukuControllerTest.php" tests="5" assertions="13" errors="0" failures="0" skipped="0" time="0.041076">
        <testcase name="test_index_returns_view_with_books" file="/Applications/XAMPP/xamppfiles/htdocs/lspPerpustakaan/tests/Unit/BukuControllerTest.php" line="13" class="Tests\Feature\BukuControllerTest" classname="Tests.Feature.BukuControllerTest" assertions="3" time="0.012189"/>
        <testcase name="test_create_shows_create_form" file="/Applications/XAMPP/xamppfiles/htdocs/lspPerpustakaan/tests/Unit/BukuControllerTest.php" line="34" class="Tests\Feature\BukuControllerTest" classname="Tests.Feature.BukuControllerTest" assertions="1" time="0.006341"/>
        <testcase name="test_store_creates_buku" file="/Applications/XAMPP/xamppfiles/htdocs/lspPerpustakaan/tests/Unit/BukuControllerTest.php" line="43" class="Tests\Feature\BukuControllerTest" classname="Tests.Feature.BukuControllerTest" assertions="3" time="0.007217"/>
        <testcase name="test_update_buku" file="/Applications/XAMPP/xamppfiles/htdocs/lspPerpustakaan/tests/Unit/BukuControllerTest.php" line="59" class="Tests\Feature\BukuControllerTest" classname="Tests.Feature.BukuControllerTest" assertions="3" time="0.007960"/>
        <testcase name="test_destroy_buku" file="/Applications/XAMPP/xamppfiles/htdocs/lspPerpustakaan/tests/Unit/BukuControllerTest.php" line="81" class="Tests\Feature\BukuControllerTest" classname="Tests.Feature.BukuControllerTest" assertions="3" time="0.007369"/>
      </testsuite>
      <testsuite name="Tests\Unit\ExampleTest" file="/Applications/XAMPP/xamppfiles/htdocs/lspPerpustakaan/tests/Unit/ExampleTest.php" tests="1" assertions="1" errors="0" failures="0" skipped="0" time="0.001920">
        <testcase name="test_that_true_is_true" file="/Applications/XAMPP/xamppfiles/htdocs/lspPerpustakaan/tests/Unit/ExampleTest.php" line="12" class="Tests\Unit\ExampleTest" classname="Tests.Unit.ExampleTest" assertions="1" time="0.001920"/>
      </testsuite>
      <testsuite name="Tests\Feature\KatalogControllerTest" file="/Applications/XAMPP/xamppfiles/htdocs/lspPerpustakaan/tests/Unit/KatalogControllerTest.php" tests="1" assertions="3" errors="0" failures="0" skipped="0" time="0.008421">
        <testcase name="test_index_returns_view_with_books" file="/Applications/XAMPP/xamppfiles/htdocs/lspPerpustakaan/tests/Unit/KatalogControllerTest.php" line="13" class="Tests\Feature\KatalogControllerTest" classname="Tests.Feature.KatalogControllerTest" assertions="3" time="0.008421"/>
      </testsuite>
      <testsuite name="Tests\Feature\PeminjamanControllerTest" file="/Applications/XAMPP/xamppfiles/htdocs/lspPerpustakaan/tests/Unit/PeminjamanControllerTest.php" tests="3" assertions="7" errors="0" failures="0" skipped="0" time="0.032809">
        <testcase name="test_index_returns_view_with_loans" file="/Applications/XAMPP/xamppfiles/htdocs/lspPerpustakaan/tests/Unit/PeminjamanControllerTest.php" line="15" class="Tests\Feature\PeminjamanControllerTest" classname="Tests.Feature.PeminjamanControllerTest" assertions="3" time="0.012938"/>
        <testcase name="test_create_shows_create_form" file="/Applications/XAMPP/xamppfiles/htdocs/lspPerpustakaan/tests/Unit/PeminjamanControllerTest.php" line="45" class="Tests\Feature\PeminjamanControllerTest" classname="Tests.Feature.PeminjamanControllerTest" assertions="1" time="0.010070"/>
        <testcase name="test_store_creates_peminjaman" file="/Applications/XAMPP/xamppfiles/htdocs/lspPerpustakaan/tests/Unit/PeminjamanControllerTest.php" line="66" class="Tests\Feature\PeminjamanControllerTest" classname="Tests.Feature.PeminjamanControllerTest" assertions="3" time="0.009801"/>
      </testsuite>
    </testsuite>
    <testsuite name="Feature" tests="1" assertions="1" errors="0" failures="0" skipped="0" time="0.007828">
      <testsuite name="Tests\Feature\ExampleTest" file="/Applications/XAMPP/xamppfiles/htdocs/lspPerpustakaan/tests/Feature/ExampleTest.php" tests="1" assertions="1" errors="0" failures="0" skipped="0" time="0.007828">
        <testcase name="test_the_application_returns_a_successful_response" file="/Applications/XAMPP/xamppfiles/htdocs/lspPerpustakaan/tests/Feature/ExampleTest.php" line="13" class="Tests\Feature\ExampleTest" classname="Tests.Feature.ExampleTest" assertions="1" time="0.007828"/>
      </testsuite>
    </testsuite>
  </testsuite>
</testsuites>
